<?xml version="1.0" encoding="UTF-8"?>
<testng-results skipped="0" failed="0" total="1" passed="1">
  <reporter-output>
  </reporter-output>
  <suite name="Default suite" duration-ms="74686" started-at="2017-09-15T13:54:23Z" finished-at="2017-09-15T13:55:37Z">
    <groups>
    </groups>
    <test name="Default test" duration-ms="74686" started-at="2017-09-15T13:54:23Z" finished-at="2017-09-15T13:55:37Z">
      <class name="TestScriptForerrormessages">
        <test-method status="PASS" signature="CaptureErrorMessages()[pri:0, instance:TestScriptForerrormessages@20e2cbe0]" name="CaptureErrorMessages" duration-ms="74665" started-at="2017-09-15T14:54:23Z" finished-at="2017-09-15T14:55:37Z">
          <reporter-output>
          </reporter-output>
        </test-method> <!-- CaptureErrorMessages -->
      </class> <!-- TestScriptForerrormessages -->
    </test> <!-- Default test -->
  </suite> <!-- Default suite -->
</testng-results>
